{"level":"info","message":"Queue manager initialized","queues":["screenshot-processing","file-upload","retry-processing"],"redisHost":"localhost","redisPort":6379,"timestamp":"2025-08-13T01:42:30.223Z"}
{"level":"debug","message":"Queue event handlers setup completed","timestamp":"2025-08-13T01:42:30.225Z"}
{"level":"warn","message":"Google Drive upload is disabled or no key file provided","timestamp":"2025-08-13T01:42:30.226Z"}
{"level":"info","message":"Processing pipeline initialized","timestamp":"2025-08-13T01:42:30.226Z"}
{"error":{"message":"Failed to launch the browser process!\n\n\nTROUBLESHOOTING: https://pptr.dev/troubleshooting\n","name":"Error","stack":"Error: Failed to launch the browser process!\n\n\nTROUBLESHOOTING: https://pptr.dev/troubleshooting\n\n    at Interface.onClose (/Users/ericchiu/playground/ad-screenshot/node_modules/@puppeteer/browsers/lib/cjs/launch.js:267:24)\n    at Interface.emit (node:events:526:35)\n    at Interface.close (node:internal/readline/interface:527:10)\n    at Socket.onend (node:internal/readline/interface:253:10)\n    at Socket.emit (node:events:526:35)\n    at endReadableNT (node:internal/streams/readable:1408:12)\n    at process.processTicksAndRejections (node:internal/process/task_queues:82:21)"},"level":"error","message":"Failed to initialize browser","timestamp":"2025-08-13T01:47:47.700Z"}
{"error":{"message":"Failed to launch the browser process!\n[55923:259:0813/094918.641339:ERROR:policy_logger.cc(156)] :components/enterprise/browser/controller/chrome_browser_cloud_management_controller.cc(161) Cloud management controller initialization aborted as CBCM is not enabled. Please use the `--enable-chrome-browser-cloud-management` command line flag to enable it if you are not using the official Google Chrome build.\n[0813/094919.170636:WARNING:crash_report_exception_handler.cc(235)] UniversalExceptionRaise: (os/kern) failure (5)\n\n\nTROUBLESHOOTING: https://pptr.dev/troubleshooting\n","name":"Error","stack":"Error: Failed to launch the browser process!\n[55923:259:0813/094918.641339:ERROR:policy_logger.cc(156)] :components/enterprise/browser/controller/chrome_browser_cloud_management_controller.cc(161) Cloud management controller initialization aborted as CBCM is not enabled. Please use the `--enable-chrome-browser-cloud-management` command line flag to enable it if you are not using the official Google Chrome build.\n[0813/094919.170636:WARNING:crash_report_exception_handler.cc(235)] UniversalExceptionRaise: (os/kern) failure (5)\n\n\nTROUBLESHOOTING: https://pptr.dev/troubleshooting\n\n    at ChildProcess.onClose (/Users/ericchiu/playground/ad-screenshot/node_modules/@puppeteer/browsers/lib/cjs/launch.js:267:24)\n    at ChildProcess.emit (node:events:526:35)\n    at ChildProcess._handle.onexit (node:internal/child_process:294:12)"},"level":"error","message":"Failed to initialize browser","timestamp":"2025-08-13T01:49:19.181Z"}
{"error":{"message":"socket hang up"},"level":"error","message":"Failed to initialize browser","timestamp":"2025-08-13T01:49:57.471Z"}
{"error":{"message":"socket hang up"},"level":"error","message":"Failed to initialize browser","timestamp":"2025-08-13T01:50:40.958Z"}
{"headless":true,"level":"info","message":"Browser automation engine initialized","pid":57191,"timestamp":"2025-08-13T01:50:59.803Z"}
{"action":"browser_created","deviceType":"android","level":"info","message":"Browser session created","sessionId":"test-session","timestamp":"2025-08-13T01:50:59.840Z","userAgent":"Mozilla/5.0 (Linux; Android 13; SM-S911B) AppleWebKit/537.36 (KHTML, like Gecko) Chrome/112.0.0.0 Mobile Safari/537.36","viewport":{"deviceScaleFactor":3,"hasTouch":true,"height":780,"isLandscape":false,"isMobile":true,"width":360}}
{"error":{"message":"Navigation timeout of 30000 ms exceeded","name":"TimeoutError","stack":"TimeoutError: Navigation timeout of 30000 ms exceeded\n    at new Deferred (/Users/ericchiu/playground/ad-screenshot/node_modules/puppeteer-core/lib/cjs/puppeteer/util/Deferred.js:54:34)\n    at Deferred.create (/Users/ericchiu/playground/ad-screenshot/node_modules/puppeteer-core/lib/cjs/puppeteer/util/Deferred.js:16:16)\n    at new LifecycleWatcher (/Users/ericchiu/playground/ad-screenshot/node_modules/puppeteer-core/lib/cjs/puppeteer/cdp/LifecycleWatcher.js:65:60)\n    at CdpFrame.goto (/Users/ericchiu/playground/ad-screenshot/node_modules/puppeteer-core/lib/cjs/puppeteer/cdp/Frame.js:135:29)\n    at CdpFrame.<anonymous> (/Users/ericchiu/playground/ad-screenshot/node_modules/puppeteer-core/lib/cjs/puppeteer/util/decorators.js:98:27)\n    at CdpPage.goto (/Users/ericchiu/playground/ad-screenshot/node_modules/puppeteer-core/lib/cjs/puppeteer/api/Page.js:603:43)\n    at BrowserAutomationEngine.navigateToUrl (/Users/ericchiu/playground/ad-screenshot/dist/services/BrowserAutomationEngine.js:176:49)\n    at testBasicFunctionality (/Users/ericchiu/playground/ad-screenshot/test-basic.js:29:25)\n    at process.processTicksAndRejections (node:internal/process/task_queues:95:5)\n    at async main (/Users/ericchiu/playground/ad-screenshot/test-basic.js:102:5)"},"level":"error","message":"Navigation failed","sessionId":"test-session","timestamp":"2025-08-13T01:51:29.845Z","url":"https://example.com"}
{"headless":true,"level":"info","message":"Browser automation engine initialized","pid":58008,"timestamp":"2025-08-13T01:52:08.417Z"}
{"action":"browser_created","deviceType":"android","level":"info","message":"Browser session created","sessionId":"offline-test-session","timestamp":"2025-08-13T01:52:08.483Z","userAgent":"Mozilla/5.0 (Linux; Android 13; SM-S911B) AppleWebKit/537.36 (KHTML, like Gecko) Chrome/112.0.0.0 Mobile Safari/537.36","viewport":{"deviceScaleFactor":3,"hasTouch":true,"height":780,"isLandscape":false,"isMobile":true,"width":360}}
{"level":"debug","loadTime":0,"message":"Navigation successful","sessionId":"offline-test-session","status":200,"timestamp":"2025-08-13T01:52:09.208Z","url":"data:text/html,<html><head><title>Test Page</title></head><body><h1>AD543 Test</h1><div class=\"content-area\">Ready for ad injection!</div></body></html>"}
{"argsCount":0,"level":"debug","message":"Script executed","scriptLength":46,"sessionId":"offline-test-session","timestamp":"2025-08-13T01:52:09.212Z"}
{"format":"png","fullPage":false,"level":"debug","message":"Screenshot captured","sessionId":"offline-test-session","size":23764,"timestamp":"2025-08-13T01:52:09.370Z"}
{"action":"browser_destroyed","level":"info","message":"Browser session destroyed","sessionId":"offline-test-session","timestamp":"2025-08-13T01:52:09.374Z"}
{"level":"info","message":"Browser automation engine closed","timestamp":"2025-08-13T01:52:09.396Z"}
{"level":"info","message":"Queue manager initialized","queues":["screenshot-processing","file-upload","retry-processing"],"redisHost":"localhost","redisPort":6379,"timestamp":"2025-08-13T02:36:30.570Z"}
{"level":"debug","message":"Queue event handlers setup completed","timestamp":"2025-08-13T02:36:30.571Z"}
{"level":"warn","message":"Google Drive upload is disabled or no key file provided","timestamp":"2025-08-13T02:36:30.573Z"}
{"level":"info","message":"Processing pipeline initialized","timestamp":"2025-08-13T02:36:30.573Z"}
{"level":"info","message":"Queue manager initialized","queues":["screenshot-processing","file-upload","retry-processing"],"redisHost":"localhost","redisPort":6379,"timestamp":"2025-08-13T02:39:42.317Z"}
{"level":"debug","message":"Queue event handlers setup completed","timestamp":"2025-08-13T02:39:42.318Z"}
{"level":"warn","message":"Google Drive upload is disabled or no key file provided","timestamp":"2025-08-13T02:39:42.319Z"}
{"level":"info","message":"Processing pipeline initialized","timestamp":"2025-08-13T02:39:42.319Z"}
{"headless":true,"level":"info","message":"Browser automation engine initialized","pid":90733,"timestamp":"2025-08-13T02:39:42.997Z"}
{"endpoints":["/health","/extension-bridge"],"level":"info","message":"Chrome Extension Bridge initialized","port":9222,"timestamp":"2025-08-13T02:39:43.002Z"}
{"action":"browser_created","deviceType":"android","level":"info","message":"Browser session created","sessionId":"simple-session-0","timestamp":"2025-08-13T02:39:43.068Z","userAgent":"Mozilla/5.0 (Linux; Android 13; SM-S911B) AppleWebKit/537.36 (KHTML, like Gecko) Chrome/112.0.0.0 Mobile Safari/537.36","viewport":{"deviceScaleFactor":3,"hasTouch":true,"height":780,"isLandscape":false,"isMobile":true,"width":360}}
{"level":"debug","loadTime":0,"message":"Navigation successful","sessionId":"simple-session-0","status":200,"timestamp":"2025-08-13T02:39:43.790Z","url":"data:text/html,<html><head><title>AD543 Test</title></head><body><h1>Testing: https://news.example.com</h1><div class=\"content-area\">Device: Android</div><p>AD543 Type: outstream</p></body></html>"}
{"format":"png","fullPage":false,"level":"debug","message":"Screenshot captured","sessionId":"simple-session-0","size":32233,"timestamp":"2025-08-13T02:39:43.938Z"}
{"action":"browser_destroyed","level":"info","message":"Browser session destroyed","sessionId":"simple-session-0","timestamp":"2025-08-13T02:39:43.942Z"}
{"action":"browser_created","deviceType":"ios","level":"info","message":"Browser session created","sessionId":"simple-session-1","timestamp":"2025-08-13T02:39:43.973Z","userAgent":"Mozilla/5.0 (iPhone; CPU iPhone OS 16_0 like Mac OS X) AppleWebKit/605.1.15 (KHTML, like Gecko) Version/16.0 Mobile/15E148 Safari/604.1","viewport":{"deviceScaleFactor":3,"hasTouch":true,"height":852,"isLandscape":false,"isMobile":true,"width":393}}
{"level":"debug","loadTime":0,"message":"Navigation successful","sessionId":"simple-session-1","status":200,"timestamp":"2025-08-13T02:39:44.685Z","url":"data:text/html,<html><head><title>AD543 Test</title></head><body><h1>Testing: https://media.example.com</h1><div class=\"content-area\">Device: iOS</div><p>AD543 Type: outstream</p></body></html>"}
{"format":"png","fullPage":false,"level":"debug","message":"Screenshot captured","sessionId":"simple-session-1","size":34420,"timestamp":"2025-08-13T02:39:44.841Z"}
{"action":"browser_destroyed","level":"info","message":"Browser session destroyed","sessionId":"simple-session-1","timestamp":"2025-08-13T02:39:44.844Z"}
{"action":"browser_created","deviceType":"desktop","level":"info","message":"Browser session created","sessionId":"simple-session-2","timestamp":"2025-08-13T02:39:44.897Z","userAgent":"Mozilla/5.0 (Macintosh; Intel Mac OS X 10_15_7) AppleWebKit/537.36 (KHTML, like Gecko) Chrome/120.0.0.0 Safari/537.36","viewport":{"deviceScaleFactor":1,"hasTouch":false,"height":1080,"isLandscape":true,"isMobile":false,"width":1920}}
{"level":"debug","loadTime":0,"message":"Navigation successful","sessionId":"simple-session-2","status":200,"timestamp":"2025-08-13T02:39:46.915Z","url":"data:text/html,<html><head><title>AD543 Test</title></head><body><h1>Testing: https://blog.example.com</h1><div class=\"content-area\">Device: Desktop</div><p>AD543 Type: outstream</p></body></html>"}
{"format":"png","fullPage":false,"level":"debug","message":"Screenshot captured","sessionId":"simple-session-2","size":25326,"timestamp":"2025-08-13T02:39:47.019Z"}
{"action":"browser_destroyed","level":"info","message":"Browser session destroyed","sessionId":"simple-session-2","timestamp":"2025-08-13T02:39:47.021Z"}
{"action":"browser_created","deviceType":"android","level":"info","message":"Browser session created","sessionId":"simple-session-3","timestamp":"2025-08-13T02:39:47.059Z","userAgent":"Mozilla/5.0 (Linux; Android 13; SM-S911B) AppleWebKit/537.36 (KHTML, like Gecko) Chrome/112.0.0.0 Mobile Safari/537.36","viewport":{"deviceScaleFactor":3,"hasTouch":true,"height":780,"isLandscape":false,"isMobile":true,"width":360}}
{"level":"debug","loadTime":0,"message":"Navigation successful","sessionId":"simple-session-3","status":200,"timestamp":"2025-08-13T02:39:47.775Z","url":"data:text/html,<html><head><title>AD543 Test</title></head><body><h1>Testing: https://portal.example.com</h1><div class=\"content-area\">Device: Android</div><p>AD543 Type: outstream</p></body></html>"}
{"format":"png","fullPage":false,"level":"debug","message":"Screenshot captured","sessionId":"simple-session-3","size":31932,"timestamp":"2025-08-13T02:39:47.902Z"}
{"action":"browser_destroyed","level":"info","message":"Browser session destroyed","sessionId":"simple-session-3","timestamp":"2025-08-13T02:39:47.904Z"}
{"action":"browser_created","deviceType":"android","level":"info","message":"Browser session created","sessionId":"simple-session-4","timestamp":"2025-08-13T02:39:47.935Z","userAgent":"Mozilla/5.0 (Linux; Android 13; SM-S911B) AppleWebKit/537.36 (KHTML, like Gecko) Chrome/112.0.0.0 Mobile Safari/537.36","viewport":{"deviceScaleFactor":3,"hasTouch":true,"height":780,"isLandscape":false,"isMobile":true,"width":360}}
{"level":"debug","loadTime":0,"message":"Navigation successful","sessionId":"simple-session-4","status":200,"timestamp":"2025-08-13T02:39:48.647Z","url":"data:text/html,<html><head><title>AD543 Test</title></head><body><h1>Testing: https://video.example.com</h1><div class=\"content-area\">Device: Android</div><p>AD543 Type: instream</p></body></html>"}
{"format":"png","fullPage":false,"level":"debug","message":"Screenshot captured","sessionId":"simple-session-4","size":31477,"timestamp":"2025-08-13T02:39:48.768Z"}
{"action":"browser_destroyed","level":"info","message":"Browser session destroyed","sessionId":"simple-session-4","timestamp":"2025-08-13T02:39:48.770Z"}
{"action":"browser_created","deviceType":"ios","level":"info","message":"Browser session created","sessionId":"simple-session-5","timestamp":"2025-08-13T02:39:48.800Z","userAgent":"Mozilla/5.0 (iPhone; CPU iPhone OS 16_0 like Mac OS X) AppleWebKit/605.1.15 (KHTML, like Gecko) Version/16.0 Mobile/15E148 Safari/604.1","viewport":{"deviceScaleFactor":3,"hasTouch":true,"height":852,"isLandscape":false,"isMobile":true,"width":393}}
{"level":"debug","loadTime":0,"message":"Navigation successful","sessionId":"simple-session-5","status":200,"timestamp":"2025-08-13T02:39:49.514Z","url":"data:text/html,<html><head><title>AD543 Test</title></head><body><h1>Testing: https://stream.example.com</h1><div class=\"content-area\">Device: iOS</div><p>AD543 Type: instream</p></body></html>"}
{"format":"png","fullPage":false,"level":"debug","message":"Screenshot captured","sessionId":"simple-session-5","size":34947,"timestamp":"2025-08-13T02:39:49.652Z"}
{"action":"browser_destroyed","level":"info","message":"Browser session destroyed","sessionId":"simple-session-5","timestamp":"2025-08-13T02:39:49.654Z"}
{"action":"browser_created","deviceType":"desktop","level":"info","message":"Browser session created","sessionId":"simple-session-6","timestamp":"2025-08-13T02:39:49.680Z","userAgent":"Mozilla/5.0 (Macintosh; Intel Mac OS X 10_15_7) AppleWebKit/537.36 (KHTML, like Gecko) Chrome/120.0.0.0 Safari/537.36","viewport":{"deviceScaleFactor":1,"hasTouch":false,"height":1080,"isLandscape":true,"isMobile":false,"width":1920}}
{"level":"debug","loadTime":0,"message":"Navigation successful","sessionId":"simple-session-6","status":200,"timestamp":"2025-08-13T02:39:51.690Z","url":"data:text/html,<html><head><title>AD543 Test</title></head><body><h1>Testing: https://campaign.example.com</h1><div class=\"content-area\">Device: Desktop</div><p>AD543 Type: dv360</p></body></html>"}
{"format":"png","fullPage":false,"level":"debug","message":"Screenshot captured","sessionId":"simple-session-6","size":26291,"timestamp":"2025-08-13T02:39:51.819Z"}
{"action":"browser_destroyed","level":"info","message":"Browser session destroyed","sessionId":"simple-session-6","timestamp":"2025-08-13T02:39:51.822Z"}
{"action":"browser_created","deviceType":"android","level":"info","message":"Browser session created","sessionId":"simple-session-7","timestamp":"2025-08-13T02:39:51.853Z","userAgent":"Mozilla/5.0 (Linux; Android 13; SM-S911B) AppleWebKit/537.36 (KHTML, like Gecko) Chrome/112.0.0.0 Mobile Safari/537.36","viewport":{"deviceScaleFactor":3,"hasTouch":true,"height":780,"isLandscape":false,"isMobile":true,"width":360}}
{"level":"debug","loadTime":0,"message":"Navigation successful","sessionId":"simple-session-7","status":200,"timestamp":"2025-08-13T02:39:52.565Z","url":"data:text/html,<html><head><title>AD543 Test</title></head><body><h1>Testing: https://test.staging.com</h1><div class=\"content-area\">Device: Android</div><p>AD543 Type: outstream</p></body></html>"}
{"format":"png","fullPage":false,"level":"debug","message":"Screenshot captured","sessionId":"simple-session-7","size":31742,"timestamp":"2025-08-13T02:39:52.673Z"}
{"action":"browser_destroyed","level":"info","message":"Browser session destroyed","sessionId":"simple-session-7","timestamp":"2025-08-13T02:39:52.674Z"}
{"action":"browser_created","deviceType":"ios","level":"info","message":"Browser session created","sessionId":"simple-session-8","timestamp":"2025-08-13T02:39:52.705Z","userAgent":"Mozilla/5.0 (iPhone; CPU iPhone OS 16_0 like Mac OS X) AppleWebKit/605.1.15 (KHTML, like Gecko) Version/16.0 Mobile/15E148 Safari/604.1","viewport":{"deviceScaleFactor":3,"hasTouch":true,"height":852,"isLandscape":false,"isMobile":true,"width":393}}
{"level":"debug","loadTime":0,"message":"Navigation successful","sessionId":"simple-session-8","status":200,"timestamp":"2025-08-13T02:39:53.415Z","url":"data:text/html,<html><head><title>AD543 Test</title></head><body><h1>Testing: https://demo.production.com</h1><div class=\"content-area\">Device: iOS</div><p>AD543 Type: outstream</p></body></html>"}
{"format":"png","fullPage":false,"level":"debug","message":"Screenshot captured","sessionId":"simple-session-8","size":35470,"timestamp":"2025-08-13T02:39:53.555Z"}
{"action":"browser_destroyed","level":"info","message":"Browser session destroyed","sessionId":"simple-session-8","timestamp":"2025-08-13T02:39:53.557Z"}
{"action":"browser_created","deviceType":"desktop","level":"info","message":"Browser session created","sessionId":"simple-session-9","timestamp":"2025-08-13T02:39:53.589Z","userAgent":"Mozilla/5.0 (Macintosh; Intel Mac OS X 10_15_7) AppleWebKit/537.36 (KHTML, like Gecko) Chrome/120.0.0.0 Safari/537.36","viewport":{"deviceScaleFactor":1,"hasTouch":false,"height":1080,"isLandscape":true,"isMobile":false,"width":1920}}
{"level":"debug","loadTime":0,"message":"Navigation successful","sessionId":"simple-session-9","status":200,"timestamp":"2025-08-13T02:39:55.600Z","url":"data:text/html,<html><head><title>AD543 Test</title></head><body><h1>Testing: https://mixed.example.com</h1><div class=\"content-area\">Device: Desktop</div><p>AD543 Type: outstream</p></body></html>"}
{"format":"png","fullPage":false,"level":"debug","message":"Screenshot captured","sessionId":"simple-session-9","size":25352,"timestamp":"2025-08-13T02:39:55.697Z"}
{"action":"browser_destroyed","level":"info","message":"Browser session destroyed","sessionId":"simple-session-9","timestamp":"2025-08-13T02:39:55.699Z"}
{"level":"info","message":"Browser automation engine closed","timestamp":"2025-08-13T02:39:55.724Z"}
{"level":"info","message":"Queue manager initialized","queues":["screenshot-processing","file-upload","retry-processing"],"redisHost":"localhost","redisPort":6379,"timestamp":"2025-08-13T02:42:12.368Z"}
{"level":"debug","message":"Queue event handlers setup completed","timestamp":"2025-08-13T02:42:12.370Z"}
{"level":"warn","message":"Google Drive upload is disabled or no key file provided","timestamp":"2025-08-13T02:42:12.373Z"}
{"level":"info","message":"Processing pipeline initialized","timestamp":"2025-08-13T02:42:12.373Z"}
{"headless":true,"level":"info","message":"Browser automation engine initialized","pid":92691,"timestamp":"2025-08-13T02:42:12.737Z"}
{"endpoints":["/health","/extension-bridge"],"level":"info","message":"Chrome Extension Bridge initialized","port":9222,"timestamp":"2025-08-13T02:42:12.739Z"}
{"action":"browser_created","deviceType":"android","level":"info","message":"Browser session created","sessionId":"simple-session-0","timestamp":"2025-08-13T02:42:12.793Z","userAgent":"Mozilla/5.0 (Linux; Android 13; SM-S911B) AppleWebKit/537.36 (KHTML, like Gecko) Chrome/112.0.0.0 Mobile Safari/537.36","viewport":{"deviceScaleFactor":3,"hasTouch":true,"height":780,"isLandscape":false,"isMobile":true,"width":360}}
{"level":"debug","loadTime":0,"message":"Navigation successful","sessionId":"simple-session-0","status":200,"timestamp":"2025-08-13T02:42:13.516Z","url":"data:text/html,<html><head><title>AD543 Test</title></head><body><h1>Testing: https://news.example.com</h1><div class=\"content-area\">Device: Android</div><p>AD543 Type: outstream</p></body></html>"}
{"format":"png","fullPage":false,"level":"debug","message":"Screenshot captured","sessionId":"simple-session-0","size":32233,"timestamp":"2025-08-13T02:42:13.630Z"}
{"action":"browser_destroyed","level":"info","message":"Browser session destroyed","sessionId":"simple-session-0","timestamp":"2025-08-13T02:42:13.635Z"}
{"action":"browser_created","deviceType":"ios","level":"info","message":"Browser session created","sessionId":"simple-session-1","timestamp":"2025-08-13T02:42:13.665Z","userAgent":"Mozilla/5.0 (iPhone; CPU iPhone OS 16_0 like Mac OS X) AppleWebKit/605.1.15 (KHTML, like Gecko) Version/16.0 Mobile/15E148 Safari/604.1","viewport":{"deviceScaleFactor":3,"hasTouch":true,"height":852,"isLandscape":false,"isMobile":true,"width":393}}
{"level":"debug","loadTime":0,"message":"Navigation successful","sessionId":"simple-session-1","status":200,"timestamp":"2025-08-13T02:42:14.379Z","url":"data:text/html,<html><head><title>AD543 Test</title></head><body><h1>Testing: https://media.example.com</h1><div class=\"content-area\">Device: iOS</div><p>AD543 Type: outstream</p></body></html>"}
{"format":"png","fullPage":false,"level":"debug","message":"Screenshot captured","sessionId":"simple-session-1","size":34420,"timestamp":"2025-08-13T02:42:14.523Z"}
{"action":"browser_destroyed","level":"info","message":"Browser session destroyed","sessionId":"simple-session-1","timestamp":"2025-08-13T02:42:14.525Z"}
{"action":"browser_created","deviceType":"desktop","level":"info","message":"Browser session created","sessionId":"simple-session-2","timestamp":"2025-08-13T02:42:14.552Z","userAgent":"Mozilla/5.0 (Macintosh; Intel Mac OS X 10_15_7) AppleWebKit/537.36 (KHTML, like Gecko) Chrome/120.0.0.0 Safari/537.36","viewport":{"deviceScaleFactor":1,"hasTouch":false,"height":1080,"isLandscape":true,"isMobile":false,"width":1920}}
{"level":"debug","loadTime":0,"message":"Navigation successful","sessionId":"simple-session-2","status":200,"timestamp":"2025-08-13T02:42:16.559Z","url":"data:text/html,<html><head><title>AD543 Test</title></head><body><h1>Testing: https://blog.example.com</h1><div class=\"content-area\">Device: Desktop</div><p>AD543 Type: outstream</p></body></html>"}
{"format":"png","fullPage":false,"level":"debug","message":"Screenshot captured","sessionId":"simple-session-2","size":25326,"timestamp":"2025-08-13T02:42:16.688Z"}
{"action":"browser_destroyed","level":"info","message":"Browser session destroyed","sessionId":"simple-session-2","timestamp":"2025-08-13T02:42:16.691Z"}
{"action":"browser_created","deviceType":"android","level":"info","message":"Browser session created","sessionId":"simple-session-3","timestamp":"2025-08-13T02:42:16.724Z","userAgent":"Mozilla/5.0 (Linux; Android 13; SM-S911B) AppleWebKit/537.36 (KHTML, like Gecko) Chrome/112.0.0.0 Mobile Safari/537.36","viewport":{"deviceScaleFactor":3,"hasTouch":true,"height":780,"isLandscape":false,"isMobile":true,"width":360}}
{"level":"debug","loadTime":0,"message":"Navigation successful","sessionId":"simple-session-3","status":200,"timestamp":"2025-08-13T02:42:17.437Z","url":"data:text/html,<html><head><title>AD543 Test</title></head><body><h1>Testing: https://portal.example.com</h1><div class=\"content-area\">Device: Android</div><p>AD543 Type: outstream</p></body></html>"}
{"format":"png","fullPage":false,"level":"debug","message":"Screenshot captured","sessionId":"simple-session-3","size":31932,"timestamp":"2025-08-13T02:42:17.569Z"}
{"action":"browser_destroyed","level":"info","message":"Browser session destroyed","sessionId":"simple-session-3","timestamp":"2025-08-13T02:42:17.571Z"}
{"action":"browser_created","deviceType":"android","level":"info","message":"Browser session created","sessionId":"simple-session-4","timestamp":"2025-08-13T02:42:17.602Z","userAgent":"Mozilla/5.0 (Linux; Android 13; SM-S911B) AppleWebKit/537.36 (KHTML, like Gecko) Chrome/112.0.0.0 Mobile Safari/537.36","viewport":{"deviceScaleFactor":3,"hasTouch":true,"height":780,"isLandscape":false,"isMobile":true,"width":360}}
{"level":"debug","loadTime":0,"message":"Navigation successful","sessionId":"simple-session-4","status":200,"timestamp":"2025-08-13T02:42:18.316Z","url":"data:text/html,<html><head><title>AD543 Test</title></head><body><h1>Testing: https://video.example.com</h1><div class=\"content-area\">Device: Android</div><p>AD543 Type: instream</p></body></html>"}
{"format":"png","fullPage":false,"level":"debug","message":"Screenshot captured","sessionId":"simple-session-4","size":31477,"timestamp":"2025-08-13T02:42:18.435Z"}
{"action":"browser_destroyed","level":"info","message":"Browser session destroyed","sessionId":"simple-session-4","timestamp":"2025-08-13T02:42:18.437Z"}
{"action":"browser_created","deviceType":"ios","level":"info","message":"Browser session created","sessionId":"simple-session-5","timestamp":"2025-08-13T02:42:18.468Z","userAgent":"Mozilla/5.0 (iPhone; CPU iPhone OS 16_0 like Mac OS X) AppleWebKit/605.1.15 (KHTML, like Gecko) Version/16.0 Mobile/15E148 Safari/604.1","viewport":{"deviceScaleFactor":3,"hasTouch":true,"height":852,"isLandscape":false,"isMobile":true,"width":393}}
{"level":"debug","loadTime":0,"message":"Navigation successful","sessionId":"simple-session-5","status":200,"timestamp":"2025-08-13T02:42:19.182Z","url":"data:text/html,<html><head><title>AD543 Test</title></head><body><h1>Testing: https://stream.example.com</h1><div class=\"content-area\">Device: iOS</div><p>AD543 Type: instream</p></body></html>"}
{"format":"png","fullPage":false,"level":"debug","message":"Screenshot captured","sessionId":"simple-session-5","size":34947,"timestamp":"2025-08-13T02:42:19.320Z"}
{"action":"browser_destroyed","level":"info","message":"Browser session destroyed","sessionId":"simple-session-5","timestamp":"2025-08-13T02:42:19.321Z"}
{"action":"browser_created","deviceType":"desktop","level":"info","message":"Browser session created","sessionId":"simple-session-6","timestamp":"2025-08-13T02:42:19.349Z","userAgent":"Mozilla/5.0 (Macintosh; Intel Mac OS X 10_15_7) AppleWebKit/537.36 (KHTML, like Gecko) Chrome/120.0.0.0 Safari/537.36","viewport":{"deviceScaleFactor":1,"hasTouch":false,"height":1080,"isLandscape":true,"isMobile":false,"width":1920}}
{"level":"debug","loadTime":0,"message":"Navigation successful","sessionId":"simple-session-6","status":200,"timestamp":"2025-08-13T02:42:21.357Z","url":"data:text/html,<html><head><title>AD543 Test</title></head><body><h1>Testing: https://campaign.example.com</h1><div class=\"content-area\">Device: Desktop</div><p>AD543 Type: dv360</p></body></html>"}
{"format":"png","fullPage":false,"level":"debug","message":"Screenshot captured","sessionId":"simple-session-6","size":26291,"timestamp":"2025-08-13T02:42:21.492Z"}
{"action":"browser_destroyed","level":"info","message":"Browser session destroyed","sessionId":"simple-session-6","timestamp":"2025-08-13T02:42:21.494Z"}
{"action":"browser_created","deviceType":"android","level":"info","message":"Browser session created","sessionId":"simple-session-7","timestamp":"2025-08-13T02:42:21.526Z","userAgent":"Mozilla/5.0 (Linux; Android 13; SM-S911B) AppleWebKit/537.36 (KHTML, like Gecko) Chrome/112.0.0.0 Mobile Safari/537.36","viewport":{"deviceScaleFactor":3,"hasTouch":true,"height":780,"isLandscape":false,"isMobile":true,"width":360}}
{"level":"debug","loadTime":0,"message":"Navigation successful","sessionId":"simple-session-7","status":200,"timestamp":"2025-08-13T02:42:22.240Z","url":"data:text/html,<html><head><title>AD543 Test</title></head><body><h1>Testing: https://test.staging.com</h1><div class=\"content-area\">Device: Android</div><p>AD543 Type: outstream</p></body></html>"}
{"format":"png","fullPage":false,"level":"debug","message":"Screenshot captured","sessionId":"simple-session-7","size":31742,"timestamp":"2025-08-13T02:42:22.386Z"}
{"action":"browser_destroyed","level":"info","message":"Browser session destroyed","sessionId":"simple-session-7","timestamp":"2025-08-13T02:42:22.389Z"}
{"action":"browser_created","deviceType":"ios","level":"info","message":"Browser session created","sessionId":"simple-session-8","timestamp":"2025-08-13T02:42:22.419Z","userAgent":"Mozilla/5.0 (iPhone; CPU iPhone OS 16_0 like Mac OS X) AppleWebKit/605.1.15 (KHTML, like Gecko) Version/16.0 Mobile/15E148 Safari/604.1","viewport":{"deviceScaleFactor":3,"hasTouch":true,"height":852,"isLandscape":false,"isMobile":true,"width":393}}
{"level":"debug","loadTime":0,"message":"Navigation successful","sessionId":"simple-session-8","status":200,"timestamp":"2025-08-13T02:42:23.128Z","url":"data:text/html,<html><head><title>AD543 Test</title></head><body><h1>Testing: https://demo.production.com</h1><div class=\"content-area\">Device: iOS</div><p>AD543 Type: outstream</p></body></html>"}
{"format":"png","fullPage":false,"level":"debug","message":"Screenshot captured","sessionId":"simple-session-8","size":35470,"timestamp":"2025-08-13T02:42:23.280Z"}
{"action":"browser_destroyed","level":"info","message":"Browser session destroyed","sessionId":"simple-session-8","timestamp":"2025-08-13T02:42:23.282Z"}
{"action":"browser_created","deviceType":"desktop","level":"info","message":"Browser session created","sessionId":"simple-session-9","timestamp":"2025-08-13T02:42:23.309Z","userAgent":"Mozilla/5.0 (Macintosh; Intel Mac OS X 10_15_7) AppleWebKit/537.36 (KHTML, like Gecko) Chrome/120.0.0.0 Safari/537.36","viewport":{"deviceScaleFactor":1,"hasTouch":false,"height":1080,"isLandscape":true,"isMobile":false,"width":1920}}
{"level":"debug","loadTime":0,"message":"Navigation successful","sessionId":"simple-session-9","status":200,"timestamp":"2025-08-13T02:42:25.316Z","url":"data:text/html,<html><head><title>AD543 Test</title></head><body><h1>Testing: https://mixed.example.com</h1><div class=\"content-area\">Device: Desktop</div><p>AD543 Type: outstream</p></body></html>"}
{"format":"png","fullPage":false,"level":"debug","message":"Screenshot captured","sessionId":"simple-session-9","size":25352,"timestamp":"2025-08-13T02:42:25.418Z"}
{"action":"browser_destroyed","level":"info","message":"Browser session destroyed","sessionId":"simple-session-9","timestamp":"2025-08-13T02:42:25.420Z"}
{"level":"info","message":"Browser automation engine closed","timestamp":"2025-08-13T02:42:25.449Z"}
{"level":"info","message":"Queue manager initialized","queues":["screenshot-processing","file-upload","retry-processing"],"redisHost":"localhost","redisPort":6379,"timestamp":"2025-08-13T02:46:32.238Z"}
{"level":"debug","message":"Queue event handlers setup completed","timestamp":"2025-08-13T02:46:32.239Z"}
{"level":"warn","message":"Google Drive upload is disabled or no key file provided","timestamp":"2025-08-13T02:46:32.240Z"}
{"level":"info","message":"Processing pipeline initialized","timestamp":"2025-08-13T02:46:32.241Z"}
{"headless":true,"level":"info","message":"Browser automation engine initialized","pid":95714,"timestamp":"2025-08-13T02:46:32.745Z"}
{"endpoints":["/health","/extension-bridge"],"level":"info","message":"Chrome Extension Bridge initialized","port":9222,"timestamp":"2025-08-13T02:46:32.747Z"}
{"action":"browser_created","deviceType":"android","level":"info","message":"Browser session created","sessionId":"simple-session-0","timestamp":"2025-08-13T02:46:32.893Z","userAgent":"Mozilla/5.0 (Linux; Android 13; SM-S911B) AppleWebKit/537.36 (KHTML, like Gecko) Chrome/112.0.0.0 Mobile Safari/537.36","viewport":{"deviceScaleFactor":3,"hasTouch":true,"height":780,"isLandscape":false,"isMobile":true,"width":360}}
{"level":"debug","loadTime":0,"message":"Navigation successful","sessionId":"simple-session-0","status":200,"timestamp":"2025-08-13T02:46:33.622Z","url":"data:text/html,<html><head><title>AD543 Test</title></head><body><h1>Testing: https://https://staging-occ.onead.tw/api/v1/packs/10991/preview?pid=1432502&tracking=1</h1><div class=\"content-area\">Device: Android</div><p>AD543 Type: outstream</p></body></html>"}
{"format":"png","fullPage":false,"level":"debug","message":"Screenshot captured","sessionId":"simple-session-0","size":49405,"timestamp":"2025-08-13T02:46:33.774Z"}
{"action":"browser_destroyed","level":"info","message":"Browser session destroyed","sessionId":"simple-session-0","timestamp":"2025-08-13T02:46:33.778Z"}
{"action":"browser_created","deviceType":"ios","level":"info","message":"Browser session created","sessionId":"simple-session-1","timestamp":"2025-08-13T02:46:33.812Z","userAgent":"Mozilla/5.0 (iPhone; CPU iPhone OS 16_0 like Mac OS X) AppleWebKit/605.1.15 (KHTML, like Gecko) Version/16.0 Mobile/15E148 Safari/604.1","viewport":{"deviceScaleFactor":3,"hasTouch":true,"height":852,"isLandscape":false,"isMobile":true,"width":393}}
{"level":"debug","loadTime":0,"message":"Navigation successful","sessionId":"simple-session-1","status":200,"timestamp":"2025-08-13T02:46:34.526Z","url":"data:text/html,<html><head><title>AD543 Test</title></head><body><h1>Testing: https://https://staging-occ.onead.tw/api/v1/packs/10991/preview?pid=1432502&tracking=1</h1><div class=\"content-area\">Device: iOS</div><p>AD543 Type: outstream</p></body></html>"}
{"format":"png","fullPage":false,"level":"debug","message":"Screenshot captured","sessionId":"simple-session-1","size":54354,"timestamp":"2025-08-13T02:46:34.670Z"}
{"action":"browser_destroyed","level":"info","message":"Browser session destroyed","sessionId":"simple-session-1","timestamp":"2025-08-13T02:46:34.672Z"}
{"action":"browser_created","deviceType":"desktop","level":"info","message":"Browser session created","sessionId":"simple-session-2","timestamp":"2025-08-13T02:46:34.701Z","userAgent":"Mozilla/5.0 (Macintosh; Intel Mac OS X 10_15_7) AppleWebKit/537.36 (KHTML, like Gecko) Chrome/120.0.0.0 Safari/537.36","viewport":{"deviceScaleFactor":1,"hasTouch":false,"height":1080,"isLandscape":true,"isMobile":false,"width":1920}}
{"level":"debug","loadTime":0,"message":"Navigation successful","sessionId":"simple-session-2","status":200,"timestamp":"2025-08-13T02:46:36.711Z","url":"data:text/html,<html><head><title>AD543 Test</title></head><body><h1>Testing: https://https://staging-occ.onead.tw/api/v1/packs/10991/preview?pid=1432502&tracking=1</h1><div class=\"content-area\">Device: Desktop</div><p>AD543 Type: outstream</p></body></html>"}
{"format":"png","fullPage":false,"level":"debug","message":"Screenshot captured","sessionId":"simple-session-2","size":37969,"timestamp":"2025-08-13T02:46:36.812Z"}
{"action":"browser_destroyed","level":"info","message":"Browser session destroyed","sessionId":"simple-session-2","timestamp":"2025-08-13T02:46:36.814Z"}
{"level":"info","message":"Browser automation engine closed","timestamp":"2025-08-13T02:46:36.830Z"}
{"level":"info","message":"Queue manager initialized","queues":["screenshot-processing","file-upload","retry-processing"],"redisHost":"localhost","redisPort":6379,"timestamp":"2025-08-13T02:48:19.055Z"}
{"level":"debug","message":"Queue event handlers setup completed","timestamp":"2025-08-13T02:48:19.056Z"}
{"level":"warn","message":"Google Drive upload is disabled or no key file provided","timestamp":"2025-08-13T02:48:19.057Z"}
{"level":"info","message":"Processing pipeline initialized","timestamp":"2025-08-13T02:48:19.057Z"}
{"headless":true,"level":"info","message":"Browser automation engine initialized","pid":97245,"timestamp":"2025-08-13T02:48:19.537Z"}
{"endpoints":["/health","/extension-bridge"],"level":"info","message":"Chrome Extension Bridge initialized","port":9222,"timestamp":"2025-08-13T02:48:19.538Z"}
{"action":"browser_created","deviceType":"android","level":"info","message":"Browser session created","sessionId":"simple-session-0","timestamp":"2025-08-13T02:48:19.621Z","userAgent":"Mozilla/5.0 (Linux; Android 13; SM-S911B) AppleWebKit/537.36 (KHTML, like Gecko) Chrome/112.0.0.0 Mobile Safari/537.36","viewport":{"deviceScaleFactor":3,"hasTouch":true,"height":780,"isLandscape":false,"isMobile":true,"width":360}}
{"level":"debug","loadTime":0,"message":"Navigation successful","sessionId":"simple-session-0","status":200,"timestamp":"2025-08-13T02:48:20.348Z","url":"data:text/html,<html><head><title>AD543 Test</title></head><body><h1>Testing: https://https://staging-occ.onead.tw/api/v1/packs/10991/preview?pid=1432502&tracking=1</h1><div class=\"content-area\">Device: Android</div><p>AD543 Type: outstream</p></body></html>"}
{"format":"png","fullPage":false,"level":"debug","message":"Screenshot captured","sessionId":"simple-session-0","size":49405,"timestamp":"2025-08-13T02:48:20.471Z"}
{"action":"browser_destroyed","level":"info","message":"Browser session destroyed","sessionId":"simple-session-0","timestamp":"2025-08-13T02:48:20.476Z"}
{"action":"browser_created","deviceType":"ios","level":"info","message":"Browser session created","sessionId":"simple-session-1","timestamp":"2025-08-13T02:48:20.509Z","userAgent":"Mozilla/5.0 (iPhone; CPU iPhone OS 16_0 like Mac OS X) AppleWebKit/605.1.15 (KHTML, like Gecko) Version/16.0 Mobile/15E148 Safari/604.1","viewport":{"deviceScaleFactor":3,"hasTouch":true,"height":852,"isLandscape":false,"isMobile":true,"width":393}}
{"level":"debug","loadTime":0,"message":"Navigation successful","sessionId":"simple-session-1","status":200,"timestamp":"2025-08-13T02:48:21.223Z","url":"data:text/html,<html><head><title>AD543 Test</title></head><body><h1>Testing: https://https://staging-occ.onead.tw/api/v1/packs/10991/preview?pid=1432502&tracking=1</h1><div class=\"content-area\">Device: iOS</div><p>AD543 Type: outstream</p></body></html>"}
{"format":"png","fullPage":false,"level":"debug","message":"Screenshot captured","sessionId":"simple-session-1","size":54354,"timestamp":"2025-08-13T02:48:21.369Z"}
{"action":"browser_destroyed","level":"info","message":"Browser session destroyed","sessionId":"simple-session-1","timestamp":"2025-08-13T02:48:21.379Z"}
{"action":"browser_created","deviceType":"desktop","level":"info","message":"Browser session created","sessionId":"simple-session-2","timestamp":"2025-08-13T02:48:21.414Z","userAgent":"Mozilla/5.0 (Macintosh; Intel Mac OS X 10_15_7) AppleWebKit/537.36 (KHTML, like Gecko) Chrome/120.0.0.0 Safari/537.36","viewport":{"deviceScaleFactor":1,"hasTouch":false,"height":1080,"isLandscape":true,"isMobile":false,"width":1920}}
{"level":"debug","loadTime":0,"message":"Navigation successful","sessionId":"simple-session-2","status":200,"timestamp":"2025-08-13T02:48:23.423Z","url":"data:text/html,<html><head><title>AD543 Test</title></head><body><h1>Testing: https://https://staging-occ.onead.tw/api/v1/packs/10991/preview?pid=1432502&tracking=1</h1><div class=\"content-area\">Device: Desktop</div><p>AD543 Type: outstream</p></body></html>"}
{"format":"png","fullPage":false,"level":"debug","message":"Screenshot captured","sessionId":"simple-session-2","size":37969,"timestamp":"2025-08-13T02:48:23.583Z"}
{"action":"browser_destroyed","level":"info","message":"Browser session destroyed","sessionId":"simple-session-2","timestamp":"2025-08-13T02:48:23.587Z"}
{"level":"info","message":"Browser automation engine closed","timestamp":"2025-08-13T02:48:23.608Z"}
